2024-07-12 01:47:25,368 : INFO : Test_Credkart_Login : test_user_login_001 : 14 : Enter Email =anuu@gmail.com
2024-07-12 01:47:25,449 : INFO : Test_Credkart_Login : test_user_login_001 : 16 : Enter Password =9421377331@Ppb
2024-07-12 01:47:25,465 : INFO : Test_Credkart_Login : test_user_login_001 : 18 : Click on login button
2024-07-12 01:47:27,971 : INFO : Test_Credkart_Login : test_user_login_001 : 22 : Login testcase test_user_login_001 is pass
2024-07-12 01:47:27,971 : INFO : Test_Credkart_Login : test_user_login_001 : 23 : Taking Screenshot
2024-07-12 02:05:21,721 : INFO : Test_Credkart_Login : test_user_login_params_002 : 12 : Enter Email =anuu@gmail.com
2024-07-12 02:05:21,721 : INFO : Test_Credkart_Login : test_user_login_params_002 : 12 : Enter Email =anuu@gmail.com
2024-07-12 02:05:21,800 : INFO : Test_Credkart_Login : test_user_login_params_002 : 14 : Enter Password =9421377331@Ppb
2024-07-12 02:05:21,800 : INFO : Test_Credkart_Login : test_user_login_params_002 : 14 : Enter Password =9421377331@Ppb
2024-07-12 02:05:21,831 : INFO : Test_Credkart_Login : test_user_login_params_002 : 16 : Click on login button
2024-07-12 02:05:21,831 : INFO : Test_Credkart_Login : test_user_login_params_002 : 16 : Click on login button
2024-07-12 02:05:36,926 : INFO : Test_Credkart_Login : test_user_login_params_002 : 12 : Enter Email =anuu@gmail1.com
2024-07-12 02:05:36,926 : INFO : Test_Credkart_Login : test_user_login_params_002 : 12 : Enter Email =anuu@gmail1.com
2024-07-12 02:05:37,027 : INFO : Test_Credkart_Login : test_user_login_params_002 : 14 : Enter Password =9421377331@Ppb
2024-07-12 02:05:37,027 : INFO : Test_Credkart_Login : test_user_login_params_002 : 14 : Enter Password =9421377331@Ppb
2024-07-12 02:05:37,059 : INFO : Test_Credkart_Login : test_user_login_params_002 : 16 : Click on login button
2024-07-12 02:05:37,059 : INFO : Test_Credkart_Login : test_user_login_params_002 : 16 : Click on login button
2024-07-12 02:05:50,138 : INFO : Test_Credkart_Login : test_user_login_params_002 : 12 : Enter Email =anuu@gmail.com
2024-07-12 02:05:50,138 : INFO : Test_Credkart_Login : test_user_login_params_002 : 12 : Enter Email =anuu@gmail.com
2024-07-12 02:05:50,216 : INFO : Test_Credkart_Login : test_user_login_params_002 : 14 : Enter Password =9421377331@Ppb1
2024-07-12 02:05:50,216 : INFO : Test_Credkart_Login : test_user_login_params_002 : 14 : Enter Password =9421377331@Ppb1
2024-07-12 02:05:50,249 : INFO : Test_Credkart_Login : test_user_login_params_002 : 16 : Click on login button
2024-07-12 02:05:50,249 : INFO : Test_Credkart_Login : test_user_login_params_002 : 16 : Click on login button
2024-07-12 02:06:03,450 : INFO : Test_Credkart_Login : test_user_login_params_002 : 12 : Enter Email =anuu@gmail.com1
2024-07-12 02:06:03,450 : INFO : Test_Credkart_Login : test_user_login_params_002 : 12 : Enter Email =anuu@gmail.com1
2024-07-12 02:06:03,544 : INFO : Test_Credkart_Login : test_user_login_params_002 : 14 : Enter Password =9421377331@Ppb1
2024-07-12 02:06:03,544 : INFO : Test_Credkart_Login : test_user_login_params_002 : 14 : Enter Password =9421377331@Ppb1
2024-07-12 02:06:03,575 : INFO : Test_Credkart_Login : test_user_login_params_002 : 16 : Click on login button
2024-07-12 02:06:03,575 : INFO : Test_Credkart_Login : test_user_login_params_002 : 16 : Click on login button
2024-07-12 02:17:47,409 : INFO : Test_Credkart_Login : test_user_login_params_002 : 12 : Testcase test_user_login_params_002 is Started
2024-07-12 02:17:47,409 : INFO : Test_Credkart_Login : test_user_login_params_002 : 12 : Testcase test_user_login_params_002 is Started
2024-07-12 02:17:47,410 : INFO : Test_Credkart_Login : test_user_login_params_002 : 13 : Enter Email =anuu@gmail.com
2024-07-12 02:17:47,410 : INFO : Test_Credkart_Login : test_user_login_params_002 : 13 : Enter Email =anuu@gmail.com
2024-07-12 02:17:47,510 : INFO : Test_Credkart_Login : test_user_login_params_002 : 15 : Enter Password =9421377331@Ppb
2024-07-12 02:17:47,510 : INFO : Test_Credkart_Login : test_user_login_params_002 : 15 : Enter Password =9421377331@Ppb
2024-07-12 02:17:47,533 : INFO : Test_Credkart_Login : test_user_login_params_002 : 17 : Click on login button
2024-07-12 02:17:47,533 : INFO : Test_Credkart_Login : test_user_login_params_002 : 17 : Click on login button
2024-07-12 02:17:50,881 : INFO : Test_Credkart_Login : test_user_login_params_002 : 29 : Testcase test_user_login_params_002 is completed

2024-07-12 02:17:50,881 : INFO : Test_Credkart_Login : test_user_login_params_002 : 29 : Testcase test_user_login_params_002 is completed

2024-07-12 02:18:02,963 : INFO : Test_Credkart_Login : test_user_login_params_002 : 12 : Testcase test_user_login_params_002 is Started
2024-07-12 02:18:02,963 : INFO : Test_Credkart_Login : test_user_login_params_002 : 12 : Testcase test_user_login_params_002 is Started
2024-07-12 02:18:02,964 : INFO : Test_Credkart_Login : test_user_login_params_002 : 13 : Enter Email =anuu@gmail1.com
2024-07-12 02:18:02,964 : INFO : Test_Credkart_Login : test_user_login_params_002 : 13 : Enter Email =anuu@gmail1.com
2024-07-12 02:18:03,043 : INFO : Test_Credkart_Login : test_user_login_params_002 : 15 : Enter Password =9421377331@Ppb
2024-07-12 02:18:03,043 : INFO : Test_Credkart_Login : test_user_login_params_002 : 15 : Enter Password =9421377331@Ppb
2024-07-12 02:18:03,064 : INFO : Test_Credkart_Login : test_user_login_params_002 : 17 : Click on login button
2024-07-12 02:18:03,064 : INFO : Test_Credkart_Login : test_user_login_params_002 : 17 : Click on login button
2024-07-12 02:18:04,240 : INFO : Test_Credkart_Login : test_user_login_params_002 : 29 : Testcase test_user_login_params_002 is completed

2024-07-12 02:18:04,240 : INFO : Test_Credkart_Login : test_user_login_params_002 : 29 : Testcase test_user_login_params_002 is completed

2024-07-12 02:18:15,604 : INFO : Test_Credkart_Login : test_user_login_params_002 : 12 : Testcase test_user_login_params_002 is Started
2024-07-12 02:18:15,604 : INFO : Test_Credkart_Login : test_user_login_params_002 : 12 : Testcase test_user_login_params_002 is Started
2024-07-12 02:18:15,605 : INFO : Test_Credkart_Login : test_user_login_params_002 : 13 : Enter Email =anuu@gmail.com
2024-07-12 02:18:15,605 : INFO : Test_Credkart_Login : test_user_login_params_002 : 13 : Enter Email =anuu@gmail.com
2024-07-12 02:18:15,689 : INFO : Test_Credkart_Login : test_user_login_params_002 : 15 : Enter Password =9421377331@Ppb1
2024-07-12 02:18:15,689 : INFO : Test_Credkart_Login : test_user_login_params_002 : 15 : Enter Password =9421377331@Ppb1
2024-07-12 02:18:15,710 : INFO : Test_Credkart_Login : test_user_login_params_002 : 17 : Click on login button
2024-07-12 02:18:15,710 : INFO : Test_Credkart_Login : test_user_login_params_002 : 17 : Click on login button
2024-07-12 02:18:16,976 : INFO : Test_Credkart_Login : test_user_login_params_002 : 29 : Testcase test_user_login_params_002 is completed

2024-07-12 02:18:16,976 : INFO : Test_Credkart_Login : test_user_login_params_002 : 29 : Testcase test_user_login_params_002 is completed

2024-07-12 02:18:28,664 : INFO : Test_Credkart_Login : test_user_login_params_002 : 12 : Testcase test_user_login_params_002 is Started
2024-07-12 02:18:28,664 : INFO : Test_Credkart_Login : test_user_login_params_002 : 12 : Testcase test_user_login_params_002 is Started
2024-07-12 02:18:28,665 : INFO : Test_Credkart_Login : test_user_login_params_002 : 13 : Enter Email =anuu@gmail.com1
2024-07-12 02:18:28,665 : INFO : Test_Credkart_Login : test_user_login_params_002 : 13 : Enter Email =anuu@gmail.com1
2024-07-12 02:18:28,735 : INFO : Test_Credkart_Login : test_user_login_params_002 : 15 : Enter Password =9421377331@Ppb1
2024-07-12 02:18:28,735 : INFO : Test_Credkart_Login : test_user_login_params_002 : 15 : Enter Password =9421377331@Ppb1
2024-07-12 02:18:28,760 : INFO : Test_Credkart_Login : test_user_login_params_002 : 17 : Click on login button
2024-07-12 02:18:28,760 : INFO : Test_Credkart_Login : test_user_login_params_002 : 17 : Click on login button
2024-07-12 02:18:29,998 : INFO : Test_Credkart_Login : test_user_login_params_002 : 29 : Testcase test_user_login_params_002 is completed

2024-07-12 02:18:29,998 : INFO : Test_Credkart_Login : test_user_login_params_002 : 29 : Testcase test_user_login_params_002 is completed

2024-07-12 02:20:39,865 : INFO : Test_Credkart_Login : test_user_login_params_002 : 12 : Testcase test_user_login_params_002 is Started
2024-07-12 02:20:39,865 : INFO : Test_Credkart_Login : test_user_login_params_002 : 12 : Testcase test_user_login_params_002 is Started
2024-07-12 02:20:39,866 : INFO : Test_Credkart_Login : test_user_login_params_002 : 13 : Enter Email =anuu@gmail.com
2024-07-12 02:20:39,866 : INFO : Test_Credkart_Login : test_user_login_params_002 : 13 : Enter Email =anuu@gmail.com
2024-07-12 02:20:39,956 : INFO : Test_Credkart_Login : test_user_login_params_002 : 15 : Enter Password =9421377331@Ppb
2024-07-12 02:20:39,956 : INFO : Test_Credkart_Login : test_user_login_params_002 : 15 : Enter Password =9421377331@Ppb
2024-07-12 02:20:40,003 : INFO : Test_Credkart_Login : test_user_login_params_002 : 17 : Click on login button
2024-07-12 02:20:40,003 : INFO : Test_Credkart_Login : test_user_login_params_002 : 17 : Click on login button
2024-07-12 02:20:42,900 : INFO : Test_Credkart_Login : test_user_login_params_002 : 29 : Testcase test_user_login_params_002 is completed

2024-07-12 02:20:42,900 : INFO : Test_Credkart_Login : test_user_login_params_002 : 29 : Testcase test_user_login_params_002 is completed

2024-07-12 02:20:55,240 : INFO : Test_Credkart_Login : test_user_login_params_002 : 12 : Testcase test_user_login_params_002 is Started
2024-07-12 02:20:55,240 : INFO : Test_Credkart_Login : test_user_login_params_002 : 12 : Testcase test_user_login_params_002 is Started
2024-07-12 02:20:55,241 : INFO : Test_Credkart_Login : test_user_login_params_002 : 13 : Enter Email =anuu@gmail1.com
2024-07-12 02:20:55,241 : INFO : Test_Credkart_Login : test_user_login_params_002 : 13 : Enter Email =anuu@gmail1.com
2024-07-12 02:20:55,328 : INFO : Test_Credkart_Login : test_user_login_params_002 : 15 : Enter Password =9421377331@Ppb
2024-07-12 02:20:55,328 : INFO : Test_Credkart_Login : test_user_login_params_002 : 15 : Enter Password =9421377331@Ppb
2024-07-12 02:20:55,355 : INFO : Test_Credkart_Login : test_user_login_params_002 : 17 : Click on login button
2024-07-12 02:20:55,355 : INFO : Test_Credkart_Login : test_user_login_params_002 : 17 : Click on login button
2024-07-12 02:20:56,577 : INFO : Test_Credkart_Login : test_user_login_params_002 : 29 : Testcase test_user_login_params_002 is completed

2024-07-12 02:20:56,577 : INFO : Test_Credkart_Login : test_user_login_params_002 : 29 : Testcase test_user_login_params_002 is completed

2024-07-12 02:21:08,750 : INFO : Test_Credkart_Login : test_user_login_params_002 : 12 : Testcase test_user_login_params_002 is Started
2024-07-12 02:21:08,750 : INFO : Test_Credkart_Login : test_user_login_params_002 : 12 : Testcase test_user_login_params_002 is Started
2024-07-12 02:21:08,750 : INFO : Test_Credkart_Login : test_user_login_params_002 : 13 : Enter Email =anuu@gmail.com
2024-07-12 02:21:08,750 : INFO : Test_Credkart_Login : test_user_login_params_002 : 13 : Enter Email =anuu@gmail.com
2024-07-12 02:21:08,856 : INFO : Test_Credkart_Login : test_user_login_params_002 : 15 : Enter Password =9421377331@Ppb1
2024-07-12 02:21:08,856 : INFO : Test_Credkart_Login : test_user_login_params_002 : 15 : Enter Password =9421377331@Ppb1
2024-07-12 02:21:08,879 : INFO : Test_Credkart_Login : test_user_login_params_002 : 17 : Click on login button
2024-07-12 02:21:08,879 : INFO : Test_Credkart_Login : test_user_login_params_002 : 17 : Click on login button
2024-07-12 02:21:11,108 : INFO : Test_Credkart_Login : test_user_login_params_002 : 29 : Testcase test_user_login_params_002 is completed

2024-07-12 02:21:11,108 : INFO : Test_Credkart_Login : test_user_login_params_002 : 29 : Testcase test_user_login_params_002 is completed

2024-07-12 02:21:22,847 : INFO : Test_Credkart_Login : test_user_login_params_002 : 12 : Testcase test_user_login_params_002 is Started
2024-07-12 02:21:22,847 : INFO : Test_Credkart_Login : test_user_login_params_002 : 12 : Testcase test_user_login_params_002 is Started
2024-07-12 02:21:22,847 : INFO : Test_Credkart_Login : test_user_login_params_002 : 13 : Enter Email =anuu@gmail.com1
2024-07-12 02:21:22,847 : INFO : Test_Credkart_Login : test_user_login_params_002 : 13 : Enter Email =anuu@gmail.com1
2024-07-12 02:21:22,908 : INFO : Test_Credkart_Login : test_user_login_params_002 : 15 : Enter Password =9421377331@Ppb1
2024-07-12 02:21:22,908 : INFO : Test_Credkart_Login : test_user_login_params_002 : 15 : Enter Password =9421377331@Ppb1
2024-07-12 02:21:22,932 : INFO : Test_Credkart_Login : test_user_login_params_002 : 17 : Click on login button
2024-07-12 02:21:22,932 : INFO : Test_Credkart_Login : test_user_login_params_002 : 17 : Click on login button
2024-07-12 02:21:24,169 : INFO : Test_Credkart_Login : test_user_login_params_002 : 29 : Testcase test_user_login_params_002 is completed

2024-07-12 02:21:24,169 : INFO : Test_Credkart_Login : test_user_login_params_002 : 29 : Testcase test_user_login_params_002 is completed

